c:\users\13505\desktop\passdriver-main\passdriver\arm\debug\vc142.pdb
c:\users\13505\desktop\passdriver-main\passdriver\arm\debug\driver.obj
c:\users\13505\desktop\passdriver-main\arm\debug\passdriver.sys
c:\users\13505\desktop\passdriver-main\passdriver\arm\debug\passdriver.iobj
c:\users\13505\desktop\passdriver-main\arm\debug\passdriver.pdb
c:\users\13505\desktop\passdriver-main\123\passdriver.sys
c:\users\13505\desktop\passdriver-main\123\passdriver.pdb
c:\users\13505\desktop\passdriver-main\passdriver\arm\debug\passdriver.inf
e:\备份\必备\zhuomian\易语言\passdriver-main\passdriver\arm\debug\driver.obj
e:\备份\必备\zhuomian\易语言\passdriver-main\passdriver\arm\debug\passdriver.iobj
e:\备份\必备\zhuomian\易语言\passdriver-main\passdriver\arm\debug\vc142.pdb
e:\备份\必备\zhuomian\易语言\passdriver-main\123\passdriver.sys
e:\备份\必备\zhuomian\易语言\passdriver-main\passdriver\arm\debug\passdriver.tlog\cl.command.1.tlog
e:\备份\必备\zhuomian\易语言\passdriver-main\passdriver\arm\debug\passdriver.tlog\cl.read.1.tlog
e:\备份\必备\zhuomian\易语言\passdriver-main\passdriver\arm\debug\passdriver.tlog\cl.write.1.tlog
e:\备份\必备\zhuomian\易语言\passdriver-main\passdriver\arm\debug\passdriver.tlog\link.command.1.tlog
e:\备份\必备\zhuomian\易语言\passdriver-main\passdriver\arm\debug\passdriver.tlog\link.read.1.tlog
e:\备份\必备\zhuomian\易语言\passdriver-main\passdriver\arm\debug\passdriver.tlog\link.write.1.tlog
e:\备份\必备\zhuomian\易语言\passdriver-main\passdriver\arm\debug\passdriver.tlog\signtool.command.1.tlog
e:\备份\必备\zhuomian\易语言\passdriver-main\passdriver\arm\debug\passdriver.tlog\signtool.read.1.tlog
e:\备份\必备\zhuomian\易语言\passdriver-main\passdriver\arm\debug\passdriver.tlog\signtool.timestamp.1.tlog
e:\备份\必备\zhuomian\易语言\passdriver-main\passdriver\arm\debug\passdriver.tlog\signtool.write.1.tlog
e:\备份\必备\zhuomian\易语言\passdriver-main\passdriver\arm\debug\passdriver.tlog\stampinf.command.1.tlog
e:\备份\必备\zhuomian\易语言\passdriver-main\passdriver\arm\debug\passdriver.tlog\stampinf.read.1.tlog
e:\备份\必备\zhuomian\易语言\passdriver-main\passdriver\arm\debug\passdriver.tlog\stampinf.write.1.tlog
